<?xml version="1.0" encoding="UTF-8"?>
<!-- Generated by org.testng.reporters.JUnitXMLReporter -->
<testsuite ignored="0" hostname="MAVLT1129" failures="1" tests="1" name="IE Test" time="0.211" errors="0" timestamp="2022-04-06T16:20:01 IST">
  <testcase classname="org.test.parallel.execution.OpenParallelBrowser" name="test1" time="0.153">
    <failure type="java.lang.IllegalStateException" message="The driver executable must exist: C:\Users\SHAMBHU\eclipse-workspace\SeleniumPractice\TeshNGClass\driver\IEDriverServer.exe">
      <![CDATA[java.lang.IllegalStateException: The driver executable must exist: C:\Users\SHAMBHU\eclipse-workspace\SeleniumPractice\TeshNGClass\driver\IEDriverServer.exe
at org.openqa.selenium.internal.Require$FileStateChecker.isFile(Require.java:342)
at org.openqa.selenium.remote.service.DriverService.checkExecutable(DriverService.java:147)
at org.openqa.selenium.remote.service.DriverService.findExecutable(DriverService.java:142)
at org.openqa.selenium.ie.InternetExplorerDriverService.access$000(InternetExplorerDriverService.java:38)
at org.openqa.selenium.ie.InternetExplorerDriverService$Builder.findDefaultExecutable(InternetExplorerDriverService.java:170)
at org.openqa.selenium.remote.service.DriverService$Builder.build(DriverService.java:437)
at org.openqa.selenium.ie.InternetExplorerDriver.setupService(InternetExplorerDriver.java:252)
at org.openqa.selenium.ie.InternetExplorerDriver.<init>(InternetExplorerDriver.java:178)
at org.openqa.selenium.ie.InternetExplorerDriver.<init>(InternetExplorerDriver.java:144)
at org.test.parallel.execution.OpenParallelBrowser.test1(OpenParallelBrowser.java:25)
at java.base/java.util.ArrayList.forEach(ArrayList.java:1511)
at java.base/java.util.concurrent.FutureTask.run(FutureTask.java:264)
at java.base/java.util.concurrent.ThreadPoolExecutor.runWorker(ThreadPoolExecutor.java:1130)
at java.base/java.util.concurrent.ThreadPoolExecutor$Worker.run(ThreadPoolExecutor.java:630)
at java.base/java.lang.Thread.run(Thread.java:831)
... Removed 18 stack frames]]>
    </failure>
  </testcase> <!-- test1 -->
</testsuite> <!-- IE Test -->
