<?xml version="1.0" encoding="UTF-8"?>
<!-- Generated by org.testng.reporters.JUnitXMLReporter -->
<testsuite ignored="0" hostname="SHAMBHU" failures="1" tests="7" name="Test" time="0.114" errors="0" timestamp="2024-04-28T21:20:42 IST">
  <testcase classname="com.priority.Sample" name="test2" time="0.019">
    <failure type="java.lang.AssertionError" message="expected [false] but found [true]">
      <![CDATA[java.lang.AssertionError: expected [false] but found [true]
at com.priority.Sample.test2(Sample.java:17)
at java.base/java.util.ArrayList.forEach(ArrayList.java:1511)
... Removed 31 stack frames]]>
    </failure>
  </testcase> <!-- test2 -->
  <testcase classname="com.priority.Sample" name="test3" time="0.002"/>
  <testcase classname="com.priority.Sample" name="test4" time="0.003"/>
  <testcase classname="com.priority.Sample" name="test5" time="0.003"/>
  <testcase classname="com.priority.Sample" name="test6" time="0.002"/>
  <testcase classname="com.priority.Sample" name="test7" time="0.002"/>
  <testcase classname="com.priority.Sample" name="test1" time="0.003"/>
</testsuite> <!-- Test -->
