<?xml version="1.0" encoding="UTF-8"?>
<!-- Generated by org.testng.reporters.JUnitXMLReporter -->
<testsuite ignored="4" hostname="MAVLT1129" failures="0" tests="2" name="Test" time="0.052" errors="0" timestamp="2022-04-06T17:43:38 IST">
  <testcase classname="org.group.ParallelTest" name="test1" time="0.007"/>
  <testcase classname="org.group.ParallelTest" name="test4" time="0.001"/>
  <testcase classname="org.group.ParallelTest" name="test6" time="0.0">
    <ignored/>
  </testcase> <!-- test6 -->
  <testcase classname="org.group.ParallelTest" name="test3" time="0.0">
    <ignored/>
  </testcase> <!-- test3 -->
  <testcase classname="org.group.ParallelTest" name="test2" time="0.0">
    <ignored/>
  </testcase> <!-- test2 -->
  <testcase classname="org.group.ParallelTest" name="test5" time="0.0">
    <ignored/>
  </testcase> <!-- test5 -->
</testsuite> <!-- Test -->
