<?xml version="1.0" encoding="UTF-8"?>
<testng-results ignored="0" total="1" passed="1" failed="0" skipped="0">
  <reporter-output>
  </reporter-output>
  <suite started-at="2024-04-29T18:34:43 IST" name="Default suite" finished-at="2024-04-29T18:34:43 IST" duration-ms="75">
    <groups>
    </groups>
    <test started-at="2024-04-29T18:34:43 IST" name="Default test" finished-at="2024-04-29T18:34:43 IST" duration-ms="75">
      <class name="com.superthis.cons.interview.PS1">
        <test-method signature="testMethodos()[pri:0, instance:com.superthis.cons.interview.PS1@67c33749]" started-at="2024-04-29T18:34:43 IST" name="testMethodos" finished-at="2024-04-29T18:34:43 IST" duration-ms="18" status="PASS">
          <reporter-output>
          </reporter-output>
        </test-method> <!-- testMethodos -->
      </class> <!-- com.superthis.cons.interview.PS1 -->
    </test> <!-- Default test -->
  </suite> <!-- Default suite -->
</testng-results>
