<?xml version="1.0" encoding="UTF-8"?>
<testng-results ignored="0" total="7" passed="7" failed="0" skipped="0">
  <reporter-output>
  </reporter-output>
  <suite started-at="2022-05-07T17:24:50 IST" name="Default suite" finished-at="2022-05-07T17:24:50 IST" duration-ms="71">
    <groups>
    </groups>
    <test started-at="2022-05-07T17:24:50 IST" name="Default test" finished-at="2022-05-07T17:24:50 IST" duration-ms="71">
      <class name="com.priority.Sample">
        <test-method signature="test2()[pri:0, instance:com.priority.Sample@20ccf40b]" started-at="2022-05-07T17:24:50 IST" name="test2" finished-at="2022-05-07T17:24:50 IST" duration-ms="9" status="PASS">
          <reporter-output>
          </reporter-output>
        </test-method> <!-- test2 -->
        <test-method signature="test3()[pri:0, instance:com.priority.Sample@20ccf40b]" started-at="2022-05-07T17:24:50 IST" name="test3" finished-at="2022-05-07T17:24:50 IST" duration-ms="1" status="PASS">
          <reporter-output>
          </reporter-output>
        </test-method> <!-- test3 -->
        <test-method signature="test4()[pri:0, instance:com.priority.Sample@20ccf40b]" started-at="2022-05-07T17:24:50 IST" name="test4" finished-at="2022-05-07T17:24:50 IST" duration-ms="1" status="PASS">
          <reporter-output>
          </reporter-output>
        </test-method> <!-- test4 -->
        <test-method signature="test5()[pri:0, instance:com.priority.Sample@20ccf40b]" started-at="2022-05-07T17:24:50 IST" name="test5" finished-at="2022-05-07T17:24:50 IST" duration-ms="1" status="PASS">
          <reporter-output>
          </reporter-output>
        </test-method> <!-- test5 -->
        <test-method signature="test6()[pri:0, instance:com.priority.Sample@20ccf40b]" started-at="2022-05-07T17:24:50 IST" name="test6" finished-at="2022-05-07T17:24:50 IST" duration-ms="1" status="PASS">
          <reporter-output>
          </reporter-output>
        </test-method> <!-- test6 -->
        <test-method signature="test7()[pri:0, instance:com.priority.Sample@20ccf40b]" started-at="2022-05-07T17:24:50 IST" name="test7" finished-at="2022-05-07T17:24:50 IST" duration-ms="1" status="PASS">
          <reporter-output>
          </reporter-output>
        </test-method> <!-- test7 -->
        <test-method signature="test1()[pri:1, instance:com.priority.Sample@20ccf40b]" started-at="2022-05-07T17:24:50 IST" name="test1" finished-at="2022-05-07T17:24:50 IST" duration-ms="1" status="PASS">
          <reporter-output>
          </reporter-output>
        </test-method> <!-- test1 -->
      </class> <!-- com.priority.Sample -->
    </test> <!-- Default test -->
  </suite> <!-- Default suite -->
</testng-results>
